C:\USERS\KENNY\DOCUMENTS\VISUAL STUDIO 2012\PROJECTS\OBJECTPROGRAM\OBJECTPROGRAM\DEBUG\OBJECTPROGRAM.PCH
C:\USERS\KENNY\DOCUMENTS\VISUAL STUDIO 2012\PROJECTS\OBJECTPROGRAM\OBJECTPROGRAM\DEBUG\STDAFX.OBJ
C:\USERS\KENNY\DOCUMENTS\VISUAL STUDIO 2012\PROJECTS\OBJECTPROGRAM\OBJECTPROGRAM\DEBUG\VC110.PDB
C:\USERS\KENNY\DOCUMENTS\VISUAL STUDIO 2012\PROJECTS\OBJECTPROGRAM\OBJECTPROGRAM\DEBUG\OBJECTPROGRAM.OBJ
C:\USERS\KENNY\DOCUMENTS\VISUAL STUDIO 2012\PROJECTS\OBJECTPROGRAM\DEBUG\OBJECTPROGRAM.ILK
C:\USERS\KENNY\DOCUMENTS\VISUAL STUDIO 2012\PROJECTS\OBJECTPROGRAM\DEBUG\OBJECTPROGRAM.EXE
C:\USERS\KENNY\DOCUMENTS\VISUAL STUDIO 2012\PROJECTS\OBJECTPROGRAM\DEBUG\OBJECTPROGRAM.PDB
C:\Users\Kenny\Documents\Visual Studio 2012\Projects\objectProgram\objectProgram\Debug\objectProgram.obj
C:\Users\Kenny\Documents\Visual Studio 2012\Projects\objectProgram\objectProgram\Debug\stdafx.obj
C:\Users\Kenny\Documents\Visual Studio 2012\Projects\objectProgram\objectProgram\Debug\cl.command.1.tlog
C:\Users\Kenny\Documents\Visual Studio 2012\Projects\objectProgram\objectProgram\Debug\CL.read.1.tlog
C:\Users\Kenny\Documents\Visual Studio 2012\Projects\objectProgram\objectProgram\Debug\CL.write.1.tlog
C:\Users\Kenny\Documents\Visual Studio 2012\Projects\objectProgram\objectProgram\Debug\link-cvtres.read.1.tlog
C:\Users\Kenny\Documents\Visual Studio 2012\Projects\objectProgram\objectProgram\Debug\link-cvtres.write.1.tlog
C:\Users\Kenny\Documents\Visual Studio 2012\Projects\objectProgram\objectProgram\Debug\link-rc.read.1.tlog
C:\Users\Kenny\Documents\Visual Studio 2012\Projects\objectProgram\objectProgram\Debug\link-rc.write.1.tlog
C:\Users\Kenny\Documents\Visual Studio 2012\Projects\objectProgram\objectProgram\Debug\link.14640-cvtres.read.1.tlog
C:\Users\Kenny\Documents\Visual Studio 2012\Projects\objectProgram\objectProgram\Debug\link.14640-cvtres.write.1.tlog
C:\Users\Kenny\Documents\Visual Studio 2012\Projects\objectProgram\objectProgram\Debug\link.14640-rc.read.1.tlog
C:\Users\Kenny\Documents\Visual Studio 2012\Projects\objectProgram\objectProgram\Debug\link.14640-rc.write.1.tlog
C:\Users\Kenny\Documents\Visual Studio 2012\Projects\objectProgram\objectProgram\Debug\link.14640.read.1.tlog
C:\Users\Kenny\Documents\Visual Studio 2012\Projects\objectProgram\objectProgram\Debug\link.14640.write.1.tlog
C:\Users\Kenny\Documents\Visual Studio 2012\Projects\objectProgram\objectProgram\Debug\link.14728-cvtres.read.1.tlog
C:\Users\Kenny\Documents\Visual Studio 2012\Projects\objectProgram\objectProgram\Debug\link.14728-cvtres.write.1.tlog
C:\Users\Kenny\Documents\Visual Studio 2012\Projects\objectProgram\objectProgram\Debug\link.14728-rc.read.1.tlog
C:\Users\Kenny\Documents\Visual Studio 2012\Projects\objectProgram\objectProgram\Debug\link.14728-rc.write.1.tlog
C:\Users\Kenny\Documents\Visual Studio 2012\Projects\objectProgram\objectProgram\Debug\link.14728.read.1.tlog
C:\Users\Kenny\Documents\Visual Studio 2012\Projects\objectProgram\objectProgram\Debug\link.14728.write.1.tlog
C:\Users\Kenny\Documents\Visual Studio 2012\Projects\objectProgram\objectProgram\Debug\link.16388-cvtres.read.1.tlog
C:\Users\Kenny\Documents\Visual Studio 2012\Projects\objectProgram\objectProgram\Debug\link.16388-cvtres.write.1.tlog
C:\Users\Kenny\Documents\Visual Studio 2012\Projects\objectProgram\objectProgram\Debug\link.16388-rc.read.1.tlog
C:\Users\Kenny\Documents\Visual Studio 2012\Projects\objectProgram\objectProgram\Debug\link.16388-rc.write.1.tlog
C:\Users\Kenny\Documents\Visual Studio 2012\Projects\objectProgram\objectProgram\Debug\link.16388.read.1.tlog
C:\Users\Kenny\Documents\Visual Studio 2012\Projects\objectProgram\objectProgram\Debug\link.16388.write.1.tlog
C:\Users\Kenny\Documents\Visual Studio 2012\Projects\objectProgram\objectProgram\Debug\link.16724-cvtres.read.1.tlog
C:\Users\Kenny\Documents\Visual Studio 2012\Projects\objectProgram\objectProgram\Debug\link.16724-cvtres.write.1.tlog
C:\Users\Kenny\Documents\Visual Studio 2012\Projects\objectProgram\objectProgram\Debug\link.16724-rc.read.1.tlog
C:\Users\Kenny\Documents\Visual Studio 2012\Projects\objectProgram\objectProgram\Debug\link.16724-rc.write.1.tlog
C:\Users\Kenny\Documents\Visual Studio 2012\Projects\objectProgram\objectProgram\Debug\link.16724.read.1.tlog
C:\Users\Kenny\Documents\Visual Studio 2012\Projects\objectProgram\objectProgram\Debug\link.16724.write.1.tlog
C:\Users\Kenny\Documents\Visual Studio 2012\Projects\objectProgram\objectProgram\Debug\link.16776-cvtres.read.1.tlog
C:\Users\Kenny\Documents\Visual Studio 2012\Projects\objectProgram\objectProgram\Debug\link.16776-cvtres.write.1.tlog
C:\Users\Kenny\Documents\Visual Studio 2012\Projects\objectProgram\objectProgram\Debug\link.16776-rc.read.1.tlog
C:\Users\Kenny\Documents\Visual Studio 2012\Projects\objectProgram\objectProgram\Debug\link.16776-rc.write.1.tlog
C:\Users\Kenny\Documents\Visual Studio 2012\Projects\objectProgram\objectProgram\Debug\link.16776.read.1.tlog
C:\Users\Kenny\Documents\Visual Studio 2012\Projects\objectProgram\objectProgram\Debug\link.16776.write.1.tlog
C:\Users\Kenny\Documents\Visual Studio 2012\Projects\objectProgram\objectProgram\Debug\link.18164-cvtres.read.1.tlog
C:\Users\Kenny\Documents\Visual Studio 2012\Projects\objectProgram\objectProgram\Debug\link.18164-cvtres.write.1.tlog
C:\Users\Kenny\Documents\Visual Studio 2012\Projects\objectProgram\objectProgram\Debug\link.18164-rc.read.1.tlog
C:\Users\Kenny\Documents\Visual Studio 2012\Projects\objectProgram\objectProgram\Debug\link.18164-rc.write.1.tlog
C:\Users\Kenny\Documents\Visual Studio 2012\Projects\objectProgram\objectProgram\Debug\link.18164.read.1.tlog
C:\Users\Kenny\Documents\Visual Studio 2012\Projects\objectProgram\objectProgram\Debug\link.18164.write.1.tlog
C:\Users\Kenny\Documents\Visual Studio 2012\Projects\objectProgram\objectProgram\Debug\link.5796-cvtres.read.1.tlog
C:\Users\Kenny\Documents\Visual Studio 2012\Projects\objectProgram\objectProgram\Debug\link.5796-cvtres.write.1.tlog
C:\Users\Kenny\Documents\Visual Studio 2012\Projects\objectProgram\objectProgram\Debug\link.5796-rc.read.1.tlog
C:\Users\Kenny\Documents\Visual Studio 2012\Projects\objectProgram\objectProgram\Debug\link.5796-rc.write.1.tlog
C:\Users\Kenny\Documents\Visual Studio 2012\Projects\objectProgram\objectProgram\Debug\link.5796.read.1.tlog
C:\Users\Kenny\Documents\Visual Studio 2012\Projects\objectProgram\objectProgram\Debug\link.5796.write.1.tlog
C:\Users\Kenny\Documents\Visual Studio 2012\Projects\objectProgram\objectProgram\Debug\link.command.1.tlog
C:\Users\Kenny\Documents\Visual Studio 2012\Projects\objectProgram\objectProgram\Debug\link.read.1.tlog
C:\Users\Kenny\Documents\Visual Studio 2012\Projects\objectProgram\objectProgram\Debug\link.write.1.tlog
C:\Users\Kenny\Documents\Visual Studio 2012\Projects\objectProgram\objectProgram\Debug\objectProgram.pch
C:\Users\Kenny\Documents\Visual Studio 2012\Projects\objectProgram\objectProgram\Debug\vc110.idb
C:\Users\Kenny\Documents\Visual Studio 2012\Projects\objectProgram\objectProgram\Debug\vc110.pdb
C:\Users\Kenny\Documents\Visual Studio 2012\Projects\objectProgram\Debug\objectProgram.pdb
C:\Users\Kenny\Documents\Visual Studio 2012\Projects\objectProgram\Debug\objectProgram.exe
C:\Users\Kenny\Documents\Visual Studio 2012\Projects\objectProgram\Debug\objectProgram.ilk
